 mm1,mm2,mmx,mmxe                  8388608                  8388608 
     10485760     10485760
 tmm, mm, mme                  8388608      2097152      2097152
    6216.547251245142        6.6708533673633355E-016   2.6624993402525228E-002
 dt,beta=    0.1000000000000000        1.0004530489142908E-002
 amp,vpp,yd0 =    1.0000000000000000E-004    0.000000000000000      
    0.000000000000000     
 peritr,ifluid=             0            1
 tor,nonlin=     1.000000000000000                 1            0
 isuni=             0 amie=     1800.000000000000     
 kxcut,kycut,bcut=     43.22066565823636         35.44090550502345      
   1.0000000000000000E+020
 fradi,isg=     0.000000000000000         0.000000000000000     
 llk,mlk,onemd =            0            1            0
 vwidth (i,e), vcut=     8.000000000000000         8.000000000000000      
    15.00000000000000     
 rneu=     0.000000000000000     
 V-ExB switch=     0.000000000000000     
 V-parallel switch=     0.000000000000000     
 mm1=                   8388608
 pzcrite,encrit =    1.3069549992157963E-006    1.000000000000000     
 nue0 =     1.000000000000000         1.000000000000000      
    1.000000000000000     
 xn0e(1),xnir0 =     1.000000000000000         0.000000000000000     
 frequ, eru =     0.000000000000000         0.000000000000000     
 lxa,lymult,delra,r0a,rina,routa=   3.6630036630036632E-002 
    200.0000000000000        5.0000000000000003E-002   0.5000000000000000      
   0.4816849816849817        0.5183150183150184     
 a,r0,rmaj0,q0,lx,ly,lz=    254.3953059755219         127.1976529877610      
    706.7101600000000         1.400000000000000         9.318509376392745      
    2.854308658430098         6216.547251245148     
 t0,kyrhoi_local=   0.4997735781230402         2.200800000000000     
 coefu =     0.000000000000000     
 ktheta*rhos =     2.200800000000000     
 cs/a, q0, q0p, s^hat =    1.9650000000000002E-003    1.400000000000000      
   8.5850640664342504E-003   0.7799999999999999     
 rho* = rhos/a =    3.9300000000000003E-003
 lr(1),lr(2),lr_e=            4            4            4
 lxa min =    2.2893772893772895E-003
 t0i(nr/2)=    0.4997735781230402     
 Gyrokrs =     2.164859274193651     
 totvol,jacp,dum2=    165347.6716665714         4096.013801050789      
    4096.013801050789     
 parperp2 warning  m=        823543
 parperp2 warning  m=       1647086
 parperp2 warning  m=        823543
 parperp2 warning  m=       1647086
 timing for ezampL: 1,    7.3776989997895726E-003 2,    1.6380745000333263E-002
  3,    6.5345599978172686E-004 4,    1.6342120999979670E-002 5,  
   3.1778600032339455E-004 6,    2.2039998839318287E-006 7,  
   9.0067440000893839E-003
 timing for gkpsL: 1,    8.1693419997463934E-003 2,    1.4575309000065317E-002 
 3,    2.5100007405853830E-007 4,    6.1285599986149464E-004 5,  
   3.1298220001190202E-003 6,    1.0390603999894665E-002 7,  
   4.7055340000952128E-003 8,    4.7920410002006975E-003
     0.00   0.577E-06   0.234E-08   0.000E+00   0.000E+00   0.000E+00   0.000E+00   0.000E+00   0.000E+00   0.704E-02  -0.130E-01   0.148E-01
 timing for ezampL: 1,    3.2001479999053117E-003 2,    1.5508916999806388E-002
  3,    5.0034900004902738E-004 4,    1.4560921000338567E-002 5,  
   3.1163399989964091E-004 6,    2.7050000426243059E-006 7,  
   1.3873528999738483E-002
 timing for gkpsL: 1,    5.6147239997699216E-003 2,    1.5237171000080707E-002 
 3,    1.7100001059588976E-007 4,    6.1337800025285105E-004 5,  
   3.4789369997270114E-003 6,    1.0771221000140940E-002 7,  
   4.8044259997368499E-003 8,    4.4350490002216247E-003
 timing for ezampL: 1,    6.1711120001746167E-003 2,    1.5466535000086878E-002
  3,    5.7366100008948706E-004 4,    1.4983628999743814E-002 5,  
   2.8072400027667754E-004 6,    2.5749995984369889E-006 7,  
   1.0047069000393094E-002
 timing for gkpsL: 1,    5.7579920003263396E-003 2,    1.5426907999881223E-002 
 3,    5.9999820223310962E-008 4,    6.0944100005144719E-004 5,  
   3.4098030000677682E-003 6,    1.0999735000041255E-002 7,  
   4.6884700000191515E-003 8,    4.5155359998716449E-003
     0.10   0.577E-06   0.234E-08  -0.211E-12  -0.370E-12   0.111E-16  -0.783E-14   0.500E-04   0.500E-04   0.705E-02  -0.130E-01   0.148E-01
 timing for ezampL: 1,    6.3846760003798408E-003 2,    1.5573261999634269E-002
  3,    5.8394100005898508E-004 4,    1.4994460000252730E-002 5,  
   2.8101499992772005E-004 6,    1.9429999156272970E-006 7,  
   9.7084439998980088E-003
 timing for gkpsL: 1,    5.9877260000575916E-003 2,    1.5555737999875419E-002 
 3,    2.0100014808122069E-007 4,    6.0700499989252421E-004 5,  
   3.3066949999920325E-003 6,    1.0639766000167583E-002 7,  
   4.5662540001103480E-003 8,    6.1714620001112053E-003
 timing for ezampL: 1,    3.2753039999988687E-003 2,    1.5408321999984764E-002
  3,    4.9586999966777512E-004 4,    1.4766510000299604E-002 5,  
   3.2004900003812509E-004 6,    2.7959999897575472E-006 7,  
   1.1993327999789472E-002
 timing for gkpsL: 1,    6.0906759999852511E-003 2,    1.5566509000109363E-002 
 3,    4.9999925977317616E-008 4,    6.0824799993497436E-004 5,  
   3.4308849999433733E-003 6,    1.0680666000098427E-002 7,  
   4.5339210000747698E-003 8,    5.9245339998597046E-003
     0.20   0.577E-06   0.234E-08  -0.208E-12  -0.339E-12   0.118E-14   0.984E-14   0.500E-04   0.500E-04   0.706E-02  -0.130E-01   0.148E-01
 timing for ezampL: 1,    6.2059699998826545E-003 2,    1.5224015000057989E-002
  3,    4.9865600021803402E-004 4,    1.4851923999685823E-002 5,  
   2.9161500015106867E-004 6,    1.9340000108059030E-006 7,  
   9.6174169998448633E-003
 timing for gkpsL: 1,    5.9265380000397272E-003 2,    1.5357223000137310E-002 
 3,    5.9999820223310962E-008 4,    6.2040200009505497E-004 5,  
   3.7516759998652560E-003 6,    1.1062115000186168E-002 7,  
   4.4977009997637651E-003 8,    6.6442680004001886E-003
 timing for ezampL: 1,    5.9865639996132813E-003 2,    1.5319941000143444E-002
  3,    4.8594100007903762E-004 4,    1.5005231000031927E-002 5,  
   2.7284899988444522E-004 6,    2.1840000954398420E-006 7,  
   8.3407140000417712E-003
 timing for gkpsL: 1,    5.9378599999035941E-003 2,    1.4782521000142879E-002 
 3,    4.8999936552718282E-008 4,    5.3907499977867701E-004 5,  
   4.1481940002086048E-003 6,    1.0867527999835147E-002 7,  
   4.7006240001792321E-003 8,    6.9535869997707778E-003
     0.30   0.577E-06   0.234E-08  -0.205E-12  -0.305E-12   0.442E-15   0.391E-13   0.500E-04   0.500E-04   0.709E-02  -0.130E-01   0.148E-01
 timing for ezampL: 1,    6.1715030001323612E-003 2,    1.5325993000260496E-002
  3,    5.2551699991454370E-004 4,    1.4883295999879920E-002 5,  
   2.8725599986501038E-004 6,    2.8150002435722854E-006 7,  
   7.7679149999312358E-003
 timing for gkpsL: 1,    6.1138010000831855E-003 2,    1.5329669999573525E-002 
 3,    5.0000380724668503E-008 4,    5.9190699994360330E-004 5,  
   3.7761630001114099E-003 6,    1.0884820999763178E-002 7,  
   4.5617750001838431E-003 8,    5.6034629997157026E-003
 timing for ezampL: 1,    6.1911110001346970E-003 2,    1.5131686999666272E-002
  3,    5.2548800022123032E-004 4,    1.4666224999928090E-002 5,  
   2.7772700013883878E-004 6,    2.0949996724084485E-006 7,  
   9.7081020003315643E-003
 timing for gkpsL: 1,    6.3333860002785514E-003 2,    1.6000297999653412E-002 
 3,    1.4100032785790972E-007 4,    6.0809699971287046E-004 5,  
   3.3936840000023949E-003 6,    1.1402083000120911E-002 7,  
   4.7498690000793431E-003 8,    6.8613389998972707E-003
     0.40   0.577E-06   0.234E-08  -0.203E-12  -0.275E-12  -0.287E-14   0.564E-13   0.500E-04   0.500E-04   0.708E-02  -0.130E-01   0.148E-01
 timing for ezampL: 1,    6.1962600002516410E-003 2,    1.5220247999877756E-002
  3,    4.9201299998458126E-004 4,    1.5173918000073172E-002 5,  
   3.2305600007020985E-004 6,    2.8760000532201957E-006 7,  
   9.6302109996031504E-003
 timing for gkpsL: 1,    6.1404030002449872E-003 2,    1.5698413999871264E-002 
 3,    1.5000023267930374E-007 4,    6.1969999978828127E-004 5,  
   4.3309890002092288E-003 6,    1.0394932000053814E-002 7,  
   4.4850559997939854E-003 8,    5.8989250001104665E-003
 timing for ezampL: 1,    6.1450510002032388E-003 2,    1.5534676999777730E-002
  3,    5.0741300037770998E-004 4,    1.5071258999796555E-002 5,  
   2.7623500000117929E-004 6,    2.3249999685504008E-006 7,  
   9.6124770002461446E-003
 timing for gkpsL: 1,    6.1630360000890505E-003 2,    1.5370559000075446E-002 
 3,    5.9999820223310962E-008 4,    6.0094400032539852E-004 5,  
   3.6187189998599933E-003 6,    1.0646439000083774E-002 7,  
   4.4400189999578288E-003 8,    7.2383599999739090E-003
     0.50   0.577E-06   0.234E-08  -0.200E-12  -0.243E-12  -0.944E-15   0.761E-13   0.500E-04   0.500E-04   0.709E-02  -0.130E-01   0.148E-01
 timing for ezampL: 1,    6.3540959999954794E-003 2,    1.5438139999787381E-002
  3,    4.9311500015392085E-004 4,    1.4973459999964689E-002 5,  
   3.0218600022635655E-004 6,    1.9129997781419661E-006 7,  
   1.0082677999889711E-002
 timing for gkpsL: 1,    6.1437290000867506E-003 2,    1.5412260000175593E-002 
 3,    4.9999925977317616E-008 4,    6.0513200014611357E-004 5,  
   3.8406579997172230E-003 6,    1.0836528000254475E-002 7,  
   4.4830030001321575E-003 8,    6.7489709999790648E-003
 timing for ezampL: 1,    6.2554050000471761E-003 2,    1.5310371999930794E-002
  3,    5.0438700009181048E-004 4,    1.5020912000181852E-002 5,  
   2.9832800009899074E-004 6,    2.5750000531843398E-006 7,  
   9.6467529997426027E-003
 timing for gkpsL: 1,    6.1209850000523147E-003 2,    1.5490551999846502E-002 
 3,    6.0000274970661849E-008 4,    5.9425099971122108E-004 5,  
   3.6752480000359355E-003 6,    1.0846457000297960E-002 7,  
   4.5987469998181041E-003 8,    5.6955310001285397E-003
     0.60   0.577E-06   0.234E-08  -0.197E-12  -0.208E-12  -0.278E-14   0.836E-13   0.500E-04   0.500E-04   0.713E-02  -0.130E-01   0.148E-01
 timing for ezampL: 1,    6.3154509998639696E-003 2,    1.5730376999727014E-002
  3,    5.0416600015523727E-004 4,    1.4718345999881421E-002 5,  
   2.8865900003438583E-004 6,    2.3249999685504008E-006 7,  
   9.3916690002515679E-003
 timing for gkpsL: 1,    6.4868229997046001E-003 2,    1.5102159999969444E-002 
 3,    5.0000380724668503E-008 4,    6.0553299999810406E-004 5,  
   3.5389839999879769E-003 6,    1.0554030999628594E-002 7,  
   4.5989060004103521E-003 8,    7.7171069997348241E-003
 timing for ezampL: 1,    6.3064539999686531E-003 2,    1.5260617000421917E-002
  3,    4.9485799991089152E-004 4,    1.4968469999985246E-002 5,  
   3.0002099992998410E-004 6,    3.0559999686374795E-006 7,  
   9.5040669998525118E-003
 timing for gkpsL: 1,    6.4790589999574877E-003 2,    1.5397109999867098E-002 
 3,    5.9999820223310962E-008 4,    5.9769800009235041E-004 5,  
   3.5329020001881872E-003 6,    1.0784016999878077E-002 7,  
   4.4619109999075590E-003 8,    7.0824570002514520E-003
     0.70   0.577E-06   0.234E-08  -0.190E-12  -0.173E-12  -0.132E-14   0.103E-12   0.500E-04   0.500E-04   0.713E-02  -0.130E-01   0.148E-01
 timing for ezampL: 1,    6.3470519999100361E-003 2,    1.5262360000178887E-002
  3,    4.9889599995367462E-004 4,    1.4525402999879589E-002 5,  
   2.7925999984290684E-004 6,    2.5050003387150355E-006 7,  
   9.5377419997930701E-003
 timing for gkpsL: 1,    6.3183869997374131E-003 2,    1.5792877000421868E-002 
 3,    5.0999915401916951E-008 4,    5.9350899982746341E-004 5,  
   3.5480209999150247E-003 6,    1.0835116000180278E-002 7,  
   4.3882790000679961E-003 8,    7.0892099997763580E-003
 timing for ezampL: 1,    6.3092390000747400E-003 2,    1.5335280999806855E-002
  3,    4.9392700020689517E-004 4,    1.4697825999974157E-002 5,  
   2.8506199987532455E-004 6,    2.5549998099450022E-006 7,  
   9.7093050003422832E-003
 timing for gkpsL: 1,    6.4347129996349395E-003 2,    1.5098562000275706E-002 
 3,    5.9999820223310962E-008 4,    6.0251700006119790E-004 5,  
   3.6743870000464085E-003 6,    1.1029390999738098E-002 7,  
   4.4682239999929152E-003 8,    7.0855830003893061E-003
     0.80   0.577E-06   0.234E-08  -0.180E-12  -0.132E-12   0.694E-14   0.130E-12   0.500E-04   0.500E-04   0.716E-02  -0.130E-01   0.148E-01
 parperp2 warning  m=        296888
 parperp2 warning  m=       1120431
 parperp2 warning  m=       1943973
 parperp2 warning  m=       1943974
 parperp2 warning  m=        296888
 parperp2 warning  m=       1120431
 parperp2 warning  m=       1943973
 parperp2 warning  m=       1943974
 timing for ezampL: 1,    3.2791910002742952E-003 2,    1.5541349999693921E-002
  3,    5.2940500017939485E-004 4,    1.5091839999968215E-002 5,  
   3.0155400008879951E-004 6,    2.1739997464464977E-006 7,  
   1.1410509000143065E-002
 timing for gkpsL: 1,    6.2893910003367637E-003 2,    1.5308328999708465E-002 
 3,    4.9999925977317616E-008 4,    6.0445000008257921E-004 5,  
   3.2449350001115818E-003 6,    1.1051425000005111E-002 7,  
   4.5135310001569451E-003 8,    6.8554579997908149E-003
 timing for ezampL: 1,    6.2770770000497578E-003 2,    1.5877290999924298E-002
  3,    5.5414400003428455E-004 4,    1.4595797999845672E-002 5,  
   2.7845900012835045E-004 6,    1.8539999473432545E-006 7,  
   9.4632579998688016E-003
 timing for gkpsL: 1,    6.9479560002037033E-003 2,    1.7002489999867976E-002 
 3,    1.5000023267930374E-007 4,    6.3147299988486338E-004 5,  
   3.6281769998822710E-003 6,    1.2168017000021791E-002 7,  
   4.7504700000899902E-003 8,    7.5516160000006494E-003
     0.90   0.577E-06   0.234E-08  -0.174E-12  -0.959E-13   0.798E-14   0.147E-12   0.500E-04   0.500E-04   0.715E-02  -0.130E-01   0.148E-01
 timing for ezampL: 1,    6.6480359996603511E-003 2,    1.6103058000226156E-002
  3,    5.2315299990368658E-004 4,    1.5412629999900673E-002 5,  
   3.0237600003601983E-004 6,    1.9740000425372273E-006 7,  
   1.0146440999960760E-002
 timing for gkpsL: 1,    6.4767439998831833E-003 2,    1.5012466000371205E-002 
 3,    1.3999988368595950E-007 4,    5.9116500005984562E-004 5,  
   3.8829099999020400E-003 6,    1.0850715999822569E-002 7,  
   4.5979950000401004E-003 8,    6.9574150002154056E-003
 parperp2 warning  m=        373476
 parperp2 warning  m=        373477
 parperp2 warning  m=       1197019
 parperp2 warning  m=       1197020
 parperp2 warning  m=       2020562
 parperp2 warning  m=       2020563
 parperp2 warning  m=        373476
 parperp2 warning  m=        373477
 parperp2 warning  m=       1197019
 parperp2 warning  m=       1197020
 parperp2 warning  m=       2020562
 parperp2 warning  m=       2020563
 parperp2 warning  m=        746953
 parperp2 warning  m=       1570496
 parperp2 warning  m=       1570497
 parperp2 warning  m=        746953
 parperp2 warning  m=       1570496
 parperp2 warning  m=       1570497
